This is pdfTeX, Version 3.141592653-2.6-1.40.26 (MiKTeX 24.4) (preloaded format=pdflatex 2024.8.14)  14 APR 2025 12:52
entering extended mode
 \write18 enabled.
 %&-line parsing enabled.
**./paineles_resumido_pt.tex
(paineles_resumido_pt.tex
LaTeX2e <2024-06-01> patch level 1
L3 programming layer <2024-05-27>
(C:\Program Files\MIKTEX1\tex/latex/base\article.cls
Document Class: article 2024/02/08 v1.4n Standard LaTeX document class
(C:\Program Files\MIKTEX1\tex/latex/base\size10.clo
File: size10.clo 2024/02/08 v1.4n Standard LaTeX file (size option)
)
\c@part=\count194
\c@section=\count195
\c@subsection=\count196
\c@subsubsection=\count197
\c@paragraph=\count198
\c@subparagraph=\count199
\c@figure=\count266
\c@table=\count267
\abovecaptionskip=\skip49
\belowcaptionskip=\skip50
\bibindent=\dimen141
)
(C:\Program Files\MIKTEX1\tex/latex/base\inputenc.sty
Package: inputenc 2024/02/08 v1.3d Input encoding file
\inpenc@prehook=\toks17
\inpenc@posthook=\toks18
)
(C:\Users\wb164718\AppData\Roaming\MiKTeX\tex/latex/geometry\geometry.sty
Package: geometry 2020/01/02 v5.9 Page Geometry

(C:\Program Files\MIKTEX1\tex/latex/graphics\keyval.sty
Package: keyval 2022/05/29 v1.15 key=value parser (DPC)
\KV@toks@=\toks19
)
(C:\Program Files\MIKTEX1\tex/generic/iftex\ifvtex.sty
Package: ifvtex 2019/10/25 v1.7 ifvtex legacy package. Use iftex instead.

(C:\Program Files\MIKTEX1\tex/generic/iftex\iftex.sty
Package: iftex 2022/02/03 v1.0f TeX engine tests
))
\Gm@cnth=\count268
\Gm@cntv=\count269
\c@Gm@tempcnt=\count270
\Gm@bindingoffset=\dimen142
\Gm@wd@mp=\dimen143
\Gm@odd@mp=\dimen144
\Gm@even@mp=\dimen145
\Gm@layoutwidth=\dimen146
\Gm@layoutheight=\dimen147
\Gm@layouthoffset=\dimen148
\Gm@layoutvoffset=\dimen149
\Gm@dimlist=\toks20

(C:\Users\wb164718\AppData\Roaming\MiKTeX\tex/latex/geometry\geometry.cfg))
(C:\Users\wb164718\AppData\Roaming\MiKTeX\tex/latex/enumitem\enumitem.sty
Package: enumitem 2019/06/20 v3.9 Customized lists
\labelindent=\skip51
\enit@outerparindent=\dimen150
\enit@toks=\toks21
\enit@inbox=\box52
\enit@count@id=\count271
\enitdp@description=\count272
)
(C:\Program Files\MIKTEX1\tex/latex/l3backend\l3backend-pdftex.def
File: l3backend-pdftex.def 2024-05-08 L3 backend support: PDF output (pdfTeX)
\l__color_backend_stack_int=\count273
\l__pdf_internal_box=\box53
)
(paineles_resumido_pt.aux)
\openout1 = `paineles_resumido_pt.aux'.

LaTeX Font Info:    Checking defaults for OML/cmm/m/it on input line 8.
LaTeX Font Info:    ... okay on input line 8.
LaTeX Font Info:    Checking defaults for OMS/cmsy/m/n on input line 8.
LaTeX Font Info:    ... okay on input line 8.
LaTeX Font Info:    Checking defaults for OT1/cmr/m/n on input line 8.
LaTeX Font Info:    ... okay on input line 8.
LaTeX Font Info:    Checking defaults for T1/cmr/m/n on input line 8.
LaTeX Font Info:    ... okay on input line 8.
LaTeX Font Info:    Checking defaults for TS1/cmr/m/n on input line 8.
LaTeX Font Info:    ... okay on input line 8.
LaTeX Font Info:    Checking defaults for OMX/cmex/m/n on input line 8.
LaTeX Font Info:    ... okay on input line 8.
LaTeX Font Info:    Checking defaults for U/cmr/m/n on input line 8.
LaTeX Font Info:    ... okay on input line 8.

*geometry* driver: auto-detecting
*geometry* detected driver: pdftex
*geometry* verbose mode - [ preamble ] result:
* driver: pdftex
* paper: a4paper
* layout: <same size as paper>
* layoutoffset:(h,v)=(0.0pt,0.0pt)
* modes: 
* h-part:(L,W,R)=(14.45377pt, 568.60034pt, 14.45377pt)
* v-part:(T,H,B)=(21.68121pt, 801.68442pt, 21.68121pt)
* \paperwidth=597.50787pt
* \paperheight=845.04684pt
* \textwidth=568.60034pt
* \textheight=801.68442pt
* \oddsidemargin=-57.81622pt
* \evensidemargin=-57.81622pt
* \topmargin=-87.58878pt
* \headheight=12.0pt
* \headsep=25.0pt
* \topskip=10.0pt
* \footskip=30.0pt
* \marginparwidth=57.0pt
* \marginparsep=11.0pt
* \columnsep=10.0pt
* \skip\footins=9.0pt plus 4.0pt minus 2.0pt
* \hoffset=0.0pt
* \voffset=0.0pt
* \mag=1000
* \@twocolumnfalse
* \@twosidefalse
* \@mparswitchfalse
* \@reversemarginfalse
* (1in=72.27pt=25.4mm, 1cm=28.453pt)

LaTeX Font Info:    External font `cmex10' loaded for size
(Font)              <7> on input line 14.
LaTeX Font Info:    External font `cmex10' loaded for size
(Font)              <5> on input line 14.

Underfull \hbox (badness 10000) in paragraph at lines 46--46
[]\OT1/cmr/m/n/10 Secret^^Sario Ex-ec-u-
 []


Underfull \hbox (badness 4543) in paragraph at lines 48--49
[]\OT1/cmr/m/n/10 Discutiu aloca^^Xc~oes or^^Xcament^^Sarias e pre-ocupa^^Xc~oe
s com
 []


Underfull \hbox (badness 1297) in paragraph at lines 48--49
\OT1/cmr/m/n/10 a sus-tentabil-i-dade fi-nan-ceira, con-siderando as re-stri^^X
c~oes
 []



[1

{C:/Users/wb164718/AppData/Local/MiKTeX/fonts/map/pdftex/pdftex.map}]
Underfull \hbox (badness 10000) in paragraph at lines 69--69
[]\OT1/cmr/m/n/10 Murilo Ca-
 []


Underfull \hbox (badness 10000) in paragraph at lines 69--69
[]\OT1/cmr/m/n/10 Rep^^Sorter do Valor
 []


Underfull \hbox (badness 10000) in paragraph at lines 74--74
[]\OT1/cmr/m/n/10 Fernando Ex-
 []


Underfull \hbox (badness 3601) in paragraph at lines 74--74
\OT1/cmr/m/n/10 Valor Econ^omico em
 []


Underfull \hbox (badness 10000) in paragraph at lines 79--79
[]\OT1/cmr/m/n/10 Secret^^Sario Executivo-
 []



[2]
Underfull \hbox (badness 4940) in paragraph at lines 110--110
[]\OT1/cmr/m/n/10 Murilo Ca-
 []


Underfull \hbox (badness 10000) in paragraph at lines 110--110
[]\OT1/cmr/m/n/10 Rep^^Sorter
 []


Underfull \hbox (badness 10000) in paragraph at lines 110--110
\OT1/cmr/m/n/10 do Valor
 []


Underfull \hbox (badness 10000) in paragraph at lines 115--115
[]\OT1/cmr/m/n/10 Fernando
 []


Underfull \hbox (badness 10000) in paragraph at lines 115--115
[]\OT1/cmr/m/n/10 Chefe da
 []


Underfull \hbox (badness 10000) in paragraph at lines 115--115
\OT1/cmr/m/n/10 Su-cur-sal
 []


Underfull \hbox (badness 10000) in paragraph at lines 115--115
\OT1/cmr/m/n/10 do Valor
 []


Underfull \hbox (badness 10000) in paragraph at lines 115--115
\OT1/cmr/m/n/10 Econ^omico
 []


Underfull \hbox (badness 10000) in paragraph at lines 120--120
[]\OT1/cmr/m/n/10 Roni Mi-
 []


Underfull \hbox (badness 10000) in paragraph at lines 120--120
[]\OT1/cmr/m/n/10 Secret^^Sario
 []


Underfull \hbox (badness 10000) in paragraph at lines 120--120
\OT1/cmr/m/n/10 do Es-tado
 []


Underfull \hbox (badness 10000) in paragraph at lines 128--128
[]\OT1/cmr/m/n/10 F^^Satima
 []


Underfull \hbox (badness 10000) in paragraph at lines 128--128
[]\OT1/cmr/m/n/10 Secret^^Saria
 []


Underfull \hbox (badness 10000) in paragraph at lines 128--128
\OT1/cmr/m/n/10 do Es-tado
 []


Underfull \hbox (badness 10000) in paragraph at lines 136--136
[]\OT1/cmr/m/n/10 Guilherme
 []


Underfull \hbox (badness 10000) in paragraph at lines 136--136
[]\OT1/cmr/m/n/10 Professor
 []


Underfull \hbox (badness 10000) in paragraph at lines 136--136
\OT1/cmr/m/n/10 da Uni-ver-
 []


Underfull \hbox (badness 10000) in paragraph at lines 136--136
\OT1/cmr/m/n/10 si-dade de
 []



[3]
Underfull \hbox (badness 10000) in paragraph at lines 159--159
[]\OT1/cmr/m/n/10 Jornalista do Valor
 []


Underfull \hbox (badness 10000) in paragraph at lines 164--164
[]\OT1/cmr/m/n/10 Jornalista do Valor
 []


Underfull \hbox (badness 1205) in paragraph at lines 168--168
\OT1/cmr/m/n/10 ren In-ves-ti-men-tos / Ex-
 []


Underfull \hbox (badness 1406) in paragraph at lines 176--176
\OT1/cmr/m/n/10 Se-cret^^Sario de Trib-uta^^Xc~ao
 []


Underfull \hbox (badness 1394) in paragraph at lines 181--181
[]\OT1/cmr/m/n/10 Secret^^Sario de Es-tado de
 []


Underfull \hbox (badness 10000) in paragraph at lines 186--186
[]\OT1/cmr/m/n/10 Diretora da In-sti-tui^^Xc~ao
 []


Underfull \hbox (badness 2418) in paragraph at lines 188--189
[]\OT1/cmr/m/n/10 Discutiu a ne-ces-si-dade de transpar^encia no plane-ja-mento

 []



[4] (paineles_resumido_pt.aux)
 ***********
LaTeX2e <2024-06-01> patch level 1
L3 programming layer <2024-05-27>
 ***********
 ) 
Here is how much of TeX's memory you used:
 1411 strings out of 473920
 24501 string characters out of 5736311
 1945908 words of memory out of 5000000
 24317 multiletter control sequences out of 15000+600000
 559009 words of font info for 39 fonts, out of 8000000 for 9000
 1141 hyphenation exceptions out of 8191
 57i,11n,65p,332b,370s stack positions out of 10000i,1000n,20000p,200000b,200000s
 <C:\Users\wb164718\AppData\Local\MiKTeX\fonts/pk/ljfour/jknappen/ec/dpi600\t
crm1000.pk><C:/Program Files/MIKTEX1/fonts/type1/public/amsfonts/cm/cmbx12.pfb>
<C:/Program Files/MIKTEX1/fonts/type1/public/amsfonts/cm/cmr10.pfb>
Output written on paineles_resumido_pt.pdf (4 pages, 55091 bytes).
PDF statistics:
 31 PDF objects out of 1000 (max. 8388607)
 0 named destinations out of 1000 (max. 500000)
 1 words of extra memory for PDF output out of 10000 (max. 10000000)

